<?xml version="1.0" encoding="UTF-8"?>
<!-- Generated by org.testng.reporters.JUnitXMLReporter -->
<testsuite hostname="SALMAN" name="Test" tests="6" failures="1" timestamp="16 Aug 2020 18:44:17 GMT" time="138.094" errors="0">
  <testcase name="feature" time="17.974" classname="bdd.runners.RunnerClass"/>
  <testcase name="feature" time="17.443" classname="bdd.runners.RunnerClass"/>
  <testcase name="feature" time="19.966" classname="bdd.runners.RunnerClass"/>
  <testcase name="feature" time="24.54" classname="bdd.runners.RunnerClass"/>
  <testcase name="feature" time="38.191" classname="bdd.runners.RunnerClass"/>
  <testcase name="feature" time="19.537" classname="bdd.runners.RunnerClass">
    <failure type="cucumber.runtime.CucumberException" message="java.lang.NullPointerException">
      <![CDATA[cucumber.runtime.CucumberException: java.lang.NullPointerException
	at cucumber.api.testng.TestNGCucumberRunner.runCucumber(TestNGCucumberRunner.java:69)
	at cucumber.api.testng.AbstractTestNGCucumberTests.feature(AbstractTestNGCucumberTests.java:21)
	at org.apache.maven.surefire.testng.TestNGExecutor.run(TestNGExecutor.java:283)
	at org.apache.maven.surefire.testng.TestNGXmlTestSuite.execute(TestNGXmlTestSuite.java:75)
	at org.apache.maven.surefire.testng.TestNGProvider.invoke(TestNGProvider.java:120)
	at org.apache.maven.surefire.booter.ForkedBooter.invokeProviderInSameClassLoader(ForkedBooter.java:379)
	at org.apache.maven.surefire.booter.ForkedBooter.runSuitesInProcess(ForkedBooter.java:340)
	at org.apache.maven.surefire.booter.ForkedBooter.execute(ForkedBooter.java:125)
	at org.apache.maven.surefire.booter.ForkedBooter.main(ForkedBooter.java:413)
Caused by: java.lang.NullPointerException
	at bdd.usps.PageActions.UspsScheduleAPickupActions.insertPickupLocationDetails(UspsScheduleAPickupActions.java:39)
	at bdd.usps.stepDef.UspsScheduleAPickupSteps.insert_Pickup_location_details(UspsScheduleAPickupSteps.java:24)
	at âœ½.And Insert Pickup location details.(06.UspsScheduleAPickup.feature:8)
... Removed 21 stack frames]]>
    </failure>
  </testcase> <!-- feature -->
</testsuite> <!-- Test -->
