<!DOCTYPE html PUBLIC "-//W3C//DTD XHTML 1.1//EN" "http://www.w3.org/TR/xhtml11/DTD/xhtml11.dtd">
<html xmlns="http://www.w3.org/1999/xhtml">
<head>
<title>TestNG:  Unit Test</title>
<style type="text/css">
table caption,table.info_table,table.result,table.passed,table.failed {margin-bottom:10px;border:1px solid #000099;border-collapse:collapse;empty-cells:show;}
table.info_table td,table.info_table th,table.result td,table.result th,table.passed td,table.passed th,table.failed td,table.failed th {
border:1px solid #000099;padding:.25em .5em .25em .5em
}
table.result th {vertical-align:bottom}
tr.param th {padding-left:1em;padding-right:1em}
tr.param td {padding-left:.5em;padding-right:2em}
td.numi,th.numi,td.numi_attn {
text-align:right
}
tr.total td {font-weight:bold}
table caption {
text-align:center;font-weight:bold;
}
table.passed tr.stripe td,table tr.passedodd td {background-color: #00AA00;}
table.passed td,table tr.passedeven td {background-color: #33FF33;}
table.passed tr.stripe td,table tr.skippedodd td {background-color: #cccccc;}
table.passed td,table tr.skippedodd td {background-color: #dddddd;}
table.failed tr.stripe td,table tr.failedodd td,table.result td.numi_attn {background-color: #FF3333;}
table.failed td,table tr.failedeven td,table.result tr.stripe td.numi_attn {background-color: #DD0000;}
tr.stripe td,tr.stripe th {background-color: #E6EBF9;}
p.totop {font-size:85%;text-align:center;border-bottom:2px black solid}
div.shootout {padding:2em;border:3px #4854A8 solid}
</style>
</head>
<body>
<table cellspacing="0" cellpadding="0" class="result">
<tr><th>Test</th><th class="numi">Methods<br/>Passed</th><th class="numi">Scenarios<br/>Passed</th><th class="numi"># skipped</th><th class="numi"># failed</th><th class="numi">Total<br/>Time</th><th class="numi">Included<br/>Groups</th><th class="numi">Excluded<br/>Groups</th></tr>
<tr><td style="text-align:left;padding-right:2em">Default test</td><td class="numi">3</td><td class="numi">1</td><td class="numi">0</td><td class="numi_attn">3</td><td class="numi">72.5 seconds</td><td class="numi"></td><td class="numi"></td></tr>
</table>
<table cellspacing="0" cellpadding="0" class="passed" id="summary">
<tr><th>Class</th><th>Method</th><th># of<br/>Scenarios</th><th>Start</th><th>Time<br/>(ms)</th></tr>
<tr><th colspan="4">Default test &#8212; failed</th></tr>
<tr class="failedodd"><td rowspan="3">bdd.runners.RunnerClass</td><td><a href="#m1"><b>feature</b> (cucumber) ("Runs Cucumber Feature")</a></td><td class="numi">2</td><td>1596678378078</td><td class="numi">57859</td></tr><tr class="failedodd"><td><a href="#m2"><b>feature</b> (cucumber) ("Runs Cucumber Feature")</a></td><td class="numi">2</td><td>1596678378078</td><td class="numi">57859</td></tr><tr class="failedodd"><td><a href="#m3"><b>feature</b> (cucumber) ("Runs Cucumber Feature")</a></td><td class="numi">2</td><td>1596678378078</td><td class="numi">57859</td></tr>
<tr><th colspan="4">Default test &#8212; passed</th></tr>
<tr class="passedodd"><td rowspan="3">bdd.runners.RunnerClass</td><td><a href="#m4"><b>feature</b> (cucumber) ("Runs Cucumber Feature")</a></td><td class="numi">1</td><td>1596678364141</td><td class="numi">13937</td></tr><tr class="passedodd"><td><a href="#m5"><b>feature</b> (cucumber) ("Runs Cucumber Feature")</a></td><td class="numi">1</td><td>1596678364141</td><td class="numi">13937</td></tr><tr class="passedodd"><td><a href="#m6"><b>feature</b> (cucumber) ("Runs Cucumber Feature")</a></td><td class="numi">1</td><td>1596678364141</td><td class="numi">13937</td></tr>
</table>
<h1>Default test</h1>
<h2 id="m1">bdd.runners.RunnerClass:feature</h2>
<table cellspacing="0" cellpadding="0" class="result">
<tr class="param"><th>Parameter #1</th></tr>
<tr class="param stripe"><td>Users ability to calculate a shiping price</td>
</tr>
<tr><td style="padding-left:3em" colspan="1">
<p>org.openqa.selenium.SessionNotCreatedException: session not created
from chrome not reachable
  (Session info: chrome=84.0.4147.105)
Build info: version: &apos;3.12.0&apos;, revision: &apos;7c6e0b3&apos;, time: &apos;2018-05-08T14:04:26.12Z&apos;
System info: host: &apos;SALMAN&apos;, ip: &apos;25.227.12.226&apos;, os.name: &apos;Windows 10&apos;, os.arch: &apos;amd64&apos;, os.version: &apos;10.0&apos;, java.version: &apos;1.8.0_251&apos;
Driver info: driver.version: ChromeDriver
remote stacktrace: Backtrace:
	Ordinal0 [0x006D87E3+2852835]
	Ordinal0 [0x005C5BB1+1727409]
	Ordinal0 [0x0049E362+516962]
	Ordinal0 [0x00497D82+490882]
	Ordinal0 [0x0049846B+492651]
	Ordinal0 [0x004993C5+496581]
	Ordinal0 [0x00494D64+478564]
	Ordinal0 [0x0049F300+520960]
	Ordinal0 [0x0044E489+189577]
	Ordinal0 [0x0044D7FD+186365]
	Ordinal0 [0x0044B70B+177931]
	Ordinal0 [0x00432584+75140]
	Ordinal0 [0x00433650+79440]
	Ordinal0 [0x004335E9+79337]
	Ordinal0 [0x005DAD5C+1813852]
	GetHandleVerifier [0x007FC616+1075574]
	GetHandleVerifier [0x007FC367+1074887]
	GetHandleVerifier [0x00807497+1120247]
	GetHandleVerifier [0x007FCC16+1077110]
	Ordinal0 [0x005D3206+1782278]
	Ordinal0 [0x005DC3BB+1819579]
	Ordinal0 [0x005DC523+1819939]
	Ordinal0 [0x005F2B45+1911621]
	BaseThreadInitThunk [0x7617F989+25]
	RtlGetAppContainerNamedObjectPath [0x77137084+228]
	RtlGetAppContainerNamedObjectPath [0x77137054+180]
</p>
cucumber.api.testng.TestNGCucumberRunner.runCucumber(TestNGCucumberRunner.java:69)
<br/>at cucumber.api.testng.AbstractTestNGCucumberTests.feature(AbstractTestNGCucumberTests.java:21)
<br/>at sun.reflect.NativeMethodAccessorImpl.invoke0(Native Method)
<br/>at sun.reflect.NativeMethodAccessorImpl.invoke(NativeMethodAccessorImpl.java:62)
<br/>at sun.reflect.DelegatingMethodAccessorImpl.invoke(DelegatingMethodAccessorImpl.java:43)
<br/>at java.lang.reflect.Method.invoke(Method.java:498)
<br/>at org.testng.internal.MethodInvocationHelper.invokeMethod(MethodInvocationHelper.java:80)
<br/>at org.testng.internal.Invoker.invokeMethod(Invoker.java:714)
<br/>at org.testng.internal.Invoker.invokeTestMethod(Invoker.java:901)
<br/>at org.testng.internal.Invoker.invokeTestMethods(Invoker.java:1231)
<br/>at org.testng.internal.TestMethodWorker.invokeTestMethods(TestMethodWorker.java:127)
<br/>at org.testng.internal.TestMethodWorker.run(TestMethodWorker.java:111)
<br/>at org.testng.TestRunner.privateRun(TestRunner.java:767)
<br/>at org.testng.TestRunner.run(TestRunner.java:617)
<br/>at org.testng.SuiteRunner.runTest(SuiteRunner.java:334)
<br/>at org.testng.SuiteRunner.runSequentially(SuiteRunner.java:329)
<br/>at org.testng.SuiteRunner.privateRun(SuiteRunner.java:291)
<br/>at org.testng.SuiteRunner.run(SuiteRunner.java:240)
<br/>at org.testng.SuiteRunnerWorker.runSuite(SuiteRunnerWorker.java:52)
<br/>at org.testng.SuiteRunnerWorker.run(SuiteRunnerWorker.java:86)
<br/>at org.testng.TestNG.runSuitesSequentially(TestNG.java:1198)
<br/>at org.testng.TestNG.runSuitesLocally(TestNG.java:1123)
<br/>at org.testng.TestNG.run(TestNG.java:1031)
<br/>at org.testng.remote.AbstractRemoteTestNG.run(AbstractRemoteTestNG.java:115)
<br/>at org.testng.remote.RemoteTestNG.initAndRun(RemoteTestNG.java:251)
<br/>at org.testng.remote.RemoteTestNG.main(RemoteTestNG.java:77)
<br/>1 lines not shown
<p>Caused by session not created
from chrome not reachable
  (Session info: chrome=84.0.4147.105)
Build info: version: &apos;3.12.0&apos;, revision: &apos;7c6e0b3&apos;, time: &apos;2018-05-08T14:04:26.12Z&apos;
System info: host: &apos;SALMAN&apos;, ip: &apos;25.227.12.226&apos;, os.name: &apos;Windows 10&apos;, os.arch: &apos;amd64&apos;, os.version: &apos;10.0&apos;, java.version: &apos;1.8.0_251&apos;
Driver info: driver.version: ChromeDriver
remote stacktrace: Backtrace:
	Ordinal0 [0x006D87E3+2852835]
	Ordinal0 [0x005C5BB1+1727409]
	Ordinal0 [0x0049E362+516962]
	Ordinal0 [0x00497D82+490882]
	Ordinal0 [0x0049846B+492651]
	Ordinal0 [0x004993C5+496581]
	Ordinal0 [0x00494D64+478564]
	Ordinal0 [0x0049F300+520960]
	Ordinal0 [0x0044E489+189577]
	Ordinal0 [0x0044D7FD+186365]
	Ordinal0 [0x0044B70B+177931]
	Ordinal0 [0x00432584+75140]
	Ordinal0 [0x00433650+79440]
	Ordinal0 [0x004335E9+79337]
	Ordinal0 [0x005DAD5C+1813852]
	GetHandleVerifier [0x007FC616+1075574]
	GetHandleVerifier [0x007FC367+1074887]
	GetHandleVerifier [0x00807497+1120247]
	GetHandleVerifier [0x007FCC16+1077110]
	Ordinal0 [0x005D3206+1782278]
	Ordinal0 [0x005DC3BB+1819579]
	Ordinal0 [0x005DC523+1819939]
	Ordinal0 [0x005F2B45+1911621]
	BaseThreadInitThunk [0x7617F989+25]
	RtlGetAppContainerNamedObjectPath [0x77137084+228]
	RtlGetAppContainerNamedObjectPath [0x77137054+180]
</p>
sun.reflect.NativeConstructorAccessorImpl.newInstance0(Native Method)
<br/>at sun.reflect.NativeConstructorAccessorImpl.newInstance(NativeConstructorAccessorImpl.java:62)
<br/>at sun.reflect.DelegatingConstructorAccessorImpl.newInstance(DelegatingConstructorAccessorImpl.java:45)
<br/>at java.lang.reflect.Constructor.newInstance(Constructor.java:423)
<br/>at org.openqa.selenium.remote.W3CHandshakeResponse.lambda$new$0(W3CHandshakeResponse.java:57)
<br/>at org.openqa.selenium.remote.W3CHandshakeResponse.lambda$getResponseFunction$2(W3CHandshakeResponse.java:104)
<br/>at org.openqa.selenium.remote.ProtocolHandshake.lambda$createSession$0(ProtocolHandshake.java:123)
<br/>at java.util.stream.ReferencePipeline$3$1.accept(ReferencePipeline.java:193)
<br/>at java.util.Spliterators$ArraySpliterator.tryAdvance(Spliterators.java:958)
<br/>at java.util.stream.ReferencePipeline.forEachWithCancel(ReferencePipeline.java:126)
<br/>at java.util.stream.AbstractPipeline.copyIntoWithCancel(AbstractPipeline.java:499)
<br/>at java.util.stream.AbstractPipeline.copyInto(AbstractPipeline.java:486)
<br/>at java.util.stream.AbstractPipeline.wrapAndCopyInto(AbstractPipeline.java:472)
<br/>at java.util.stream.FindOps$FindOp.evaluateSequential(FindOps.java:152)
<br/>at java.util.stream.AbstractPipeline.evaluate(AbstractPipeline.java:234)
<br/>at java.util.stream.ReferencePipeline.findFirst(ReferencePipeline.java:464)
<br/>at org.openqa.selenium.remote.ProtocolHandshake.createSession(ProtocolHandshake.java:126)
<br/>at org.openqa.selenium.remote.ProtocolHandshake.createSession(ProtocolHandshake.java:73)
<br/>at org.openqa.selenium.remote.HttpCommandExecutor.execute(HttpCommandExecutor.java:136)
<br/>at org.openqa.selenium.remote.service.DriverCommandExecutor.execute(DriverCommandExecutor.java:83)
<br/>at org.openqa.selenium.remote.RemoteWebDriver.execute(RemoteWebDriver.java:543)
<br/>at org.openqa.selenium.remote.RemoteWebDriver.startSession(RemoteWebDriver.java:207)
<br/>at org.openqa.selenium.remote.RemoteWebDriver.&lt;init&gt;(RemoteWebDriver.java:130)
<br/>at org.openqa.selenium.chrome.ChromeDriver.&lt;init&gt;(ChromeDriver.java:181)
<br/>at org.openqa.selenium.chrome.ChromeDriver.&lt;init&gt;(ChromeDriver.java:168)
<br/>at org.openqa.selenium.chrome.ChromeDriver.&lt;init&gt;(ChromeDriver.java:157)
<br/>at bdd.usps.utilities.SetupDrivers.setupDriver(SetupDrivers.java:19)
<br/>at bdd.usps.utilities.BeforeActions.beforeActions(BeforeActions.java:11)
<br/>at sun.reflect.NativeMethodAccessorImpl.invoke0(Native Method)
<br/>at sun.reflect.NativeMethodAccessorImpl.invoke(NativeMethodAccessorImpl.java:62)
<br/>at sun.reflect.DelegatingMethodAccessorImpl.invoke(DelegatingMethodAccessorImpl.java:43)
<br/>at java.lang.reflect.Method.invoke(Method.java:498)
<br/>at cucumber.runtime.Utils$1.call(Utils.java:37)
<br/>at cucumber.runtime.Timeout.timeout(Timeout.java:13)
<br/>at cucumber.runtime.Utils.invoke(Utils.java:31)
<br/>at cucumber.runtime.java.JavaHookDefinition.execute(JavaHookDefinition.java:60)
<br/>at cucumber.runtime.Runtime.runHookIfTagsMatch(Runtime.java:223)
<br/>at cucumber.runtime.Runtime.runHooks(Runtime.java:211)
<br/>at cucumber.runtime.Runtime.runBeforeHooks(Runtime.java:201)
<br/>at cucumber.runtime.model.CucumberScenario.run(CucumberScenario.java:40)
<br/>at cucumber.runtime.model.CucumberScenarioOutline.run(CucumberScenarioOutline.java:46)
<br/>at cucumber.runtime.model.CucumberFeature.run(CucumberFeature.java:165)
<br/>at cucumber.api.testng.TestNGCucumberRunner.runCucumber(TestNGCucumberRunner.java:63)
<br/>at cucumber.api.testng.AbstractTestNGCucumberTests.feature(AbstractTestNGCucumberTests.java:21)
<br/>at sun.reflect.NativeMethodAccessorImpl.invoke0(Native Method)
<br/>at sun.reflect.NativeMethodAccessorImpl.invoke(NativeMethodAccessorImpl.java:62)
<br/>at sun.reflect.DelegatingMethodAccessorImpl.invoke(DelegatingMethodAccessorImpl.java:43)
<br/>at java.lang.reflect.Method.invoke(Method.java:498)
<br/>at org.testng.internal.MethodInvocationHelper.invokeMethod(MethodInvocationHelper.java:80)
<br/>at org.testng.internal.Invoker.invokeMethod(Invoker.java:714)
<br/>at org.testng.internal.Invoker.invokeTestMethod(Invoker.java:901)
<br/>at org.testng.internal.Invoker.invokeTestMethods(Invoker.java:1231)
<br/>at org.testng.internal.TestMethodWorker.invokeTestMethods(TestMethodWorker.java:127)
<br/>at org.testng.internal.TestMethodWorker.run(TestMethodWorker.java:111)
<br/>at org.testng.TestRunner.privateRun(TestRunner.java:767)
<br/>at org.testng.TestRunner.run(TestRunner.java:617)
<br/>at org.testng.SuiteRunner.runTest(SuiteRunner.java:334)
<br/>at org.testng.SuiteRunner.runSequentially(SuiteRunner.java:329)
<br/>at org.testng.SuiteRunner.privateRun(SuiteRunner.java:291)
<br/>at org.testng.SuiteRunner.run(SuiteRunner.java:240)
<br/>at org.testng.SuiteRunnerWorker.runSuite(SuiteRunnerWorker.java:52)
<br/>at org.testng.SuiteRunnerWorker.run(SuiteRunnerWorker.java:86)
<br/>at org.testng.TestNG.runSuitesSequentially(TestNG.java:1198)
<br/>at org.testng.TestNG.runSuitesLocally(TestNG.java:1123)
<br/>at org.testng.TestNG.run(TestNG.java:1031)
<br/>at org.testng.remote.AbstractRemoteTestNG.run(AbstractRemoteTestNG.java:115)
<br/>at org.testng.remote.RemoteTestNG.initAndRun(RemoteTestNG.java:251)
<br/>at org.testng.remote.RemoteTestNG.main(RemoteTestNG.java:77)
<br/>1 lines not shown
</td></tr>
</table>
<p class="totop"><a href="#summary">back to summary</a></p>
<h2 id="m2">bdd.runners.RunnerClass:feature</h2>
<table cellspacing="0" cellpadding="0" class="result">
<tr class="param"><th>Parameter #1</th></tr>
<tr class="param stripe"><td>Users ability to lookup city using zipcode</td>
</tr>
<tr><td style="padding-left:3em" colspan="1">
<p>org.openqa.selenium.WebDriverException: chrome not reachable
  (Session info: chrome=84.0.4147.105)
Build info: version: &apos;3.12.0&apos;, revision: &apos;7c6e0b3&apos;, time: &apos;2018-05-08T14:04:26.12Z&apos;
System info: host: &apos;SALMAN&apos;, ip: &apos;25.227.12.226&apos;, os.name: &apos;Windows 10&apos;, os.arch: &apos;amd64&apos;, os.version: &apos;10.0&apos;, java.version: &apos;1.8.0_251&apos;
Driver info: org.openqa.selenium.chrome.ChromeDriver
Capabilities {acceptInsecureCerts: false, browserName: chrome, browserVersion: 84.0.4147.105, chrome: {chromedriverVersion: 84.0.4147.30 (48b3e868b4cc0..., userDataDir: C:\Users\getsa\AppData\Loca...}, goog:chromeOptions: {debuggerAddress: localhost:9334}, javascriptEnabled: true, networkConnectionEnabled: false, pageLoadStrategy: normal, platform: WINDOWS, platformName: WINDOWS, proxy: Proxy(), setWindowRect: true, strictFileInteractability: false, timeouts: {implicit: 0, pageLoad: 300000, script: 30000}, unhandledPromptBehavior: dismiss and notify, webauthn:virtualAuthenticators: true}
Session ID: 14c5fef7a1799d71142b0d5c76ce67c8
*** Element info: {Using=xpath, value=//a[contains(text(),&apos;Find Cities by ZIP&apos;)]}</p>
cucumber.api.testng.TestNGCucumberRunner.runCucumber(TestNGCucumberRunner.java:69)
<br/>at cucumber.api.testng.AbstractTestNGCucumberTests.feature(AbstractTestNGCucumberTests.java:21)
<br/>at sun.reflect.NativeMethodAccessorImpl.invoke0(Native Method)
<br/>at sun.reflect.NativeMethodAccessorImpl.invoke(NativeMethodAccessorImpl.java:62)
<br/>at sun.reflect.DelegatingMethodAccessorImpl.invoke(DelegatingMethodAccessorImpl.java:43)
<br/>at java.lang.reflect.Method.invoke(Method.java:498)
<br/>at org.testng.internal.MethodInvocationHelper.invokeMethod(MethodInvocationHelper.java:80)
<br/>at org.testng.internal.Invoker.invokeMethod(Invoker.java:714)
<br/>at org.testng.internal.Invoker.invokeTestMethod(Invoker.java:901)
<br/>at org.testng.internal.Invoker.invokeTestMethods(Invoker.java:1231)
<br/>at org.testng.internal.TestMethodWorker.invokeTestMethods(TestMethodWorker.java:127)
<br/>at org.testng.internal.TestMethodWorker.run(TestMethodWorker.java:111)
<br/>at org.testng.TestRunner.privateRun(TestRunner.java:767)
<br/>at org.testng.TestRunner.run(TestRunner.java:617)
<br/>at org.testng.SuiteRunner.runTest(SuiteRunner.java:334)
<br/>at org.testng.SuiteRunner.runSequentially(SuiteRunner.java:329)
<br/>at org.testng.SuiteRunner.privateRun(SuiteRunner.java:291)
<br/>at org.testng.SuiteRunner.run(SuiteRunner.java:240)
<br/>at org.testng.SuiteRunnerWorker.runSuite(SuiteRunnerWorker.java:52)
<br/>at org.testng.SuiteRunnerWorker.run(SuiteRunnerWorker.java:86)
<br/>at org.testng.TestNG.runSuitesSequentially(TestNG.java:1198)
<br/>at org.testng.TestNG.runSuitesLocally(TestNG.java:1123)
<br/>at org.testng.TestNG.run(TestNG.java:1031)
<br/>at org.testng.remote.AbstractRemoteTestNG.run(AbstractRemoteTestNG.java:115)
<br/>at org.testng.remote.RemoteTestNG.initAndRun(RemoteTestNG.java:251)
<br/>at org.testng.remote.RemoteTestNG.main(RemoteTestNG.java:77)
<br/>1 lines not shown
<p>Caused by chrome not reachable
  (Session info: chrome=84.0.4147.105)
Build info: version: &apos;3.12.0&apos;, revision: &apos;7c6e0b3&apos;, time: &apos;2018-05-08T14:04:26.12Z&apos;
System info: host: &apos;SALMAN&apos;, ip: &apos;25.227.12.226&apos;, os.name: &apos;Windows 10&apos;, os.arch: &apos;amd64&apos;, os.version: &apos;10.0&apos;, java.version: &apos;1.8.0_251&apos;
Driver info: org.openqa.selenium.chrome.ChromeDriver
Capabilities {acceptInsecureCerts: false, browserName: chrome, browserVersion: 84.0.4147.105, chrome: {chromedriverVersion: 84.0.4147.30 (48b3e868b4cc0..., userDataDir: C:\Users\getsa\AppData\Loca...}, goog:chromeOptions: {debuggerAddress: localhost:9334}, javascriptEnabled: true, networkConnectionEnabled: false, pageLoadStrategy: normal, platform: WINDOWS, platformName: WINDOWS, proxy: Proxy(), setWindowRect: true, strictFileInteractability: false, timeouts: {implicit: 0, pageLoad: 300000, script: 30000}, unhandledPromptBehavior: dismiss and notify, webauthn:virtualAuthenticators: true}
Session ID: 14c5fef7a1799d71142b0d5c76ce67c8
*** Element info: {Using=xpath, value=//a[contains(text(),&apos;Find Cities by ZIP&apos;)]}</p>
sun.reflect.NativeConstructorAccessorImpl.newInstance0(Native Method)
<br/>at sun.reflect.NativeConstructorAccessorImpl.newInstance(NativeConstructorAccessorImpl.java:62)
<br/>at sun.reflect.DelegatingConstructorAccessorImpl.newInstance(DelegatingConstructorAccessorImpl.java:45)
<br/>at java.lang.reflect.Constructor.newInstance(Constructor.java:423)
<br/>at org.openqa.selenium.remote.http.W3CHttpResponseCodec.createException(W3CHttpResponseCodec.java:187)
<br/>at org.openqa.selenium.remote.http.W3CHttpResponseCodec.decode(W3CHttpResponseCodec.java:122)
<br/>at org.openqa.selenium.remote.http.W3CHttpResponseCodec.decode(W3CHttpResponseCodec.java:49)
<br/>at org.openqa.selenium.remote.HttpCommandExecutor.execute(HttpCommandExecutor.java:158)
<br/>at org.openqa.selenium.remote.service.DriverCommandExecutor.execute(DriverCommandExecutor.java:83)
<br/>at org.openqa.selenium.remote.RemoteWebDriver.execute(RemoteWebDriver.java:543)
<br/>at org.openqa.selenium.remote.RemoteWebDriver.findElement(RemoteWebDriver.java:317)
<br/>at org.openqa.selenium.remote.RemoteWebDriver.findElementByXPath(RemoteWebDriver.java:419)
<br/>at org.openqa.selenium.By$ByXPath.findElement(By.java:353)
<br/>at org.openqa.selenium.remote.RemoteWebDriver.findElement(RemoteWebDriver.java:309)
<br/>at org.openqa.selenium.support.pagefactory.DefaultElementLocator.findElement(DefaultElementLocator.java:69)
<br/>at org.openqa.selenium.support.pagefactory.internal.LocatingElementHandler.invoke(LocatingElementHandler.java:38)
<br/>at com.sun.proxy.$Proxy20.click(Unknown Source)
<br/>at bdd.usps.PageActions.UspsLookupZipCodeActions.clickFindCitiesByZip(UspsLookupZipCodeActions.java:35)
<br/>at bdd.usps.stepDef.UspsLookupZipCodeSteps.click_on_cities_by_zipcode(UspsLookupZipCodeSteps.java:19)
<br/>at ?.When Click on cities by zipcode(02.UspsLookupZipCode.feature:7)
<br/>1 lines not shown
</td></tr>
</table>
<p class="totop"><a href="#summary">back to summary</a></p>
<h2 id="m3">bdd.runners.RunnerClass:feature</h2>
<table cellspacing="0" cellpadding="0" class="result">
<tr class="param"><th>Parameter #1</th></tr>
<tr class="param stripe"><td>Users ability to login</td>
</tr>
</table>
<p class="totop"><a href="#summary">back to summary</a></p>
</body></html>
